# JRE version: Java(TM) SE Runtime Environment (21.0+35) (build 21+35-LTS-2513)
# Java VM: Java HotSpot(TM) 64-Bit Server VM (21+35-LTS-2513, mixed mode, emulated-client, sharing, tiered, compressed oops, compressed class ptrs, g1 gc, windows-amd64)
GC Precious Log:
 CardTable entry size: 512
 Card Set container configuration: InlinePtr #cards 4 size 8 Array Of Cards #cards 32 size 80 Howl #buckets 8 coarsen threshold 7372 Howl Bitmap #cards 1024 size 144 coarsen threshold 921 Card regions per heap region 1 cards per card region 8192
 CPUs: 8 total, 8 available
 Memory: 32649M
 Large Page Support: Disabled
 NUMA Support: Disabled
 Compressed Oops: Enabled (Zero based)
 Heap Region Size: 4M
 Heap Min Capacity: 8M
 Heap Initial Capacity: 512M
 Heap Max Capacity: 8164M
 Pre-touch: Disabled
 Parallel Workers: 8
 Concurrent Workers: 2
 Concurrent Refinement Workers: 8
 Periodic GC: Disabled
Heap:
 garbage-first heap   total 217088K, used 122570K [0x0000000601c00000, 0x0000000800000000)
  region size 4096K, 16 young (65536K), 3 survivors (12288K)
 Metaspace       used 103930K, committed 105216K, reserved 1179648K
  class space    used 15047K, committed 15616K, reserved 1048576K
GC Heap History (20 events):
Event: 13.415 GC heap before
{Heap before GC invocations=23 (full 0):
 garbage-first heap   total 180224K, used 144210K [0x0000000601c00000, 0x0000000800000000)
  region size 4096K, 26 young (106496K), 4 survivors (16384K)
 Metaspace       used 88951K, committed 89984K, reserved 1179648K
  class space    used 12701K, committed 13184K, reserved 1048576K
}
Event: 13.427 GC heap after
{Heap after GC invocations=24 (full 0):
 garbage-first heap   total 180224K, used 57617K [0x0000000601c00000, 0x0000000800000000)
  region size 4096K, 4 young (16384K), 4 survivors (16384K)
 Metaspace       used 88951K, committed 89984K, reserved 1179648K
  class space    used 12701K, committed 13184K, reserved 1048576K
}
Event: 14.259 GC heap before
{Heap before GC invocations=24 (full 0):
 garbage-first heap   total 180224K, used 147729K [0x0000000601c00000, 0x0000000800000000)
  region size 4096K, 26 young (106496K), 4 survivors (16384K)
 Metaspace       used 91638K, committed 92608K, reserved 1179648K
  class space    used 13111K, committed 13568K, reserved 1048576K
}
Event: 14.272 GC heap after
{Heap after GC invocations=25 (full 0):
 garbage-first heap   total 180224K, used 61193K [0x0000000601c00000, 0x0000000800000000)
  region size 4096K, 3 young (12288K), 3 survivors (12288K)
 Metaspace       used 91638K, committed 92608K, reserved 1179648K
  class space    used 13111K, committed 13568K, reserved 1048576K
}
Event: 15.176 GC heap before
{Heap before GC invocations=25 (full 0):
 garbage-first heap   total 180224K, used 151305K [0x0000000601c00000, 0x0000000800000000)
  region size 4096K, 25 young (102400K), 3 survivors (12288K)
 Metaspace       used 96717K, committed 97856K, reserved 1179648K
  class space    used 13865K, committed 14400K, reserved 1048576K
}
Event: 15.188 GC heap after
{Heap after GC invocations=26 (full 0):
 garbage-first heap   total 217088K, used 64244K [0x0000000601c00000, 0x0000000800000000)
  region size 4096K, 3 young (12288K), 3 survivors (12288K)
 Metaspace       used 96717K, committed 97856K, reserved 1179648K
  class space    used 13865K, committed 14400K, reserved 1048576K
}
Event: 15.248 GC heap before
{Heap before GC invocations=26 (full 0):
 garbage-first heap   total 217088K, used 72436K [0x0000000601c00000, 0x0000000800000000)
  region size 4096K, 6 young (24576K), 3 survivors (12288K)
 Metaspace       used 97220K, committed 98240K, reserved 1179648K
  class space    used 13931K, committed 14400K, reserved 1048576K
}
Event: 15.259 GC heap after
{Heap after GC invocations=27 (full 0):
 garbage-first heap   total 217088K, used 64383K [0x0000000601c00000, 0x0000000800000000)
  region size 4096K, 2 young (8192K), 2 survivors (8192K)
 Metaspace       used 97220K, committed 98240K, reserved 1179648K
  class space    used 13931K, committed 14400K, reserved 1048576K
}
Event: 73.887 GC heap before
{Heap before GC invocations=28 (full 0):
 garbage-first heap   total 217088K, used 183167K [0x0000000601c00000, 0x0000000800000000)
  region size 4096K, 31 young (126976K), 2 survivors (8192K)
 Metaspace       used 101374K, committed 102592K, reserved 1179648K
  class space    used 14710K, committed 15296K, reserved 1048576K
}
Event: 73.903 GC heap after
{Heap after GC invocations=29 (full 0):
 garbage-first heap   total 217088K, used 71004K [0x0000000601c00000, 0x0000000800000000)
  region size 4096K, 4 young (16384K), 4 survivors (16384K)
 Metaspace       used 101374K, committed 102592K, reserved 1179648K
  class space    used 14710K, committed 15296K, reserved 1048576K
}
Event: 130.235 GC heap before
{Heap before GC invocations=29 (full 0):
 garbage-first heap   total 217088K, used 95580K [0x0000000601c00000, 0x0000000800000000)
  region size 4096K, 11 young (45056K), 4 survivors (16384K)
 Metaspace       used 102795K, committed 104064K, reserved 1179648K
  class space    used 14926K, committed 15488K, reserved 1048576K
}
Event: 130.346 GC heap after
{Heap after GC invocations=30 (full 1):
 garbage-first heap   total 217088K, used 57224K [0x0000000601c00000, 0x0000000800000000)
  region size 4096K, 0 young (0K), 0 survivors (0K)
 Metaspace       used 102788K, committed 104064K, reserved 1179648K
  class space    used 14925K, committed 15488K, reserved 1048576K
}
Event: 132.257 GC heap before
{Heap before GC invocations=30 (full 1):
 garbage-first heap   total 217088K, used 180104K [0x0000000601c00000, 0x0000000800000000)
  region size 4096K, 31 young (126976K), 0 survivors (0K)
 Metaspace       used 103026K, committed 104256K, reserved 1179648K
  class space    used 14952K, committed 15488K, reserved 1048576K
}
Event: 132.263 GC heap after
{Heap after GC invocations=31 (full 1):
 garbage-first heap   total 217088K, used 64756K [0x0000000601c00000, 0x0000000800000000)
  region size 4096K, 2 young (8192K), 2 survivors (8192K)
 Metaspace       used 103026K, committed 104256K, reserved 1179648K
  class space    used 14952K, committed 15488K, reserved 1048576K
}
Event: 133.066 GC heap before
{Heap before GC invocations=31 (full 1):
 garbage-first heap   total 217088K, used 122100K [0x0000000601c00000, 0x0000000800000000)
  region size 4096K, 17 young (69632K), 2 survivors (8192K)
 Metaspace       used 103288K, committed 104576K, reserved 1179648K
  class space    used 14979K, committed 15552K, reserved 1048576K
}
Event: 133.074 GC heap after
{Heap after GC invocations=32 (full 1):
 garbage-first heap   total 217088K, used 67396K [0x0000000601c00000, 0x0000000800000000)
  region size 4096K, 3 young (12288K), 3 survivors (12288K)
 Metaspace       used 103288K, committed 104576K, reserved 1179648K
  class space    used 14979K, committed 15552K, reserved 1048576K
}
Event: 134.284 GC heap before
{Heap before GC invocations=33 (full 1):
 garbage-first heap   total 217088K, used 177988K [0x0000000601c00000, 0x0000000800000000)
  region size 4096K, 30 young (122880K), 3 survivors (12288K)
 Metaspace       used 103648K, committed 104896K, reserved 1179648K
  class space    used 15001K, committed 15552K, reserved 1048576K
}
Event: 134.292 GC heap after
{Heap after GC invocations=34 (full 1):
 garbage-first heap   total 217088K, used 70116K [0x0000000601c00000, 0x0000000800000000)
  region size 4096K, 2 young (8192K), 2 survivors (8192K)
 Metaspace       used 103648K, committed 104896K, reserved 1179648K
  class space    used 15001K, committed 15552K, reserved 1048576K
}
Event: 135.404 GC heap before
{Heap before GC invocations=34 (full 1):
 garbage-first heap   total 217088K, used 180708K [0x0000000601c00000, 0x0000000800000000)
  region size 4096K, 29 young (118784K), 2 survivors (8192K)
 Metaspace       used 103731K, committed 105024K, reserved 1179648K
  class space    used 15009K, committed 15616K, reserved 1048576K
}
Event: 135.413 GC heap after
{Heap after GC invocations=35 (full 1):
 garbage-first heap   total 217088K, used 73418K [0x0000000601c00000, 0x0000000800000000)
  region size 4096K, 3 young (12288K), 3 survivors (12288K)
 Metaspace       used 103731K, committed 105024K, reserved 1179648K
  class space    used 15009K, committed 15616K, reserved 1048576K
}

